<?xml version="1.0" encoding="UTF-8"?>
<!-- Generated by org.testng.reporters.JUnitXMLReporter -->
<testsuite ignored="1" hostname="Subs-Machine" failures="0" tests="1" name="Default test" time="0.042" errors="0" timestamp="2022-06-08T23:21:17 IST">
  <testcase classname="SubratTesting.MavenJavaFramework.SeleniumTest" name="browserAutomation" time="0.008"/>
  <testcase classname="SubratTesting.MavenJavaFramework.SeleniumTest" name="elementUi" time="0.0">
    <ignored/>
  </testcase> <!-- elementUi -->
</testsuite> <!-- Default test -->
